Detecting C [-std=c11] compiler features failed to compile with the following output:
Change Dir: /home/intellimath/catkin_ws/src/build/CMakeFiles/CMakeTmp

Run Build Command:"/usr/bin/make" "cmTC_4b58b/fast"
/usr/bin/make -f CMakeFiles/cmTC_4b58b.dir/build.make CMakeFiles/cmTC_4b58b.dir/build
make[1]: Entering directory '/home/intellimath/catkin_ws/src/build/CMakeFiles/CMakeTmp'
Building C object CMakeFiles/cmTC_4b58b.dir/feature_tests.c.o
/usr/bin/c99-gcc   -std=c11 -o CMakeFiles/cmTC_4b58b.dir/feature_tests.c.o   -c /home/intellimath/catkin_ws/src/build/CMakeFiles/feature_tests.c
c99-gcc called with non ISO C99 option -std=c11
CMakeFiles/cmTC_4b58b.dir/build.make:65: recipe for target 'CMakeFiles/cmTC_4b58b.dir/feature_tests.c.o' failed
make[1]: *** [CMakeFiles/cmTC_4b58b.dir/feature_tests.c.o] Error 1
make[1]: Leaving directory '/home/intellimath/catkin_ws/src/build/CMakeFiles/CMakeTmp'
Makefile:126: recipe for target 'cmTC_4b58b/fast' failed
make: *** [cmTC_4b58b/fast] Error 2



Determining if the pthread_create exist failed with the following output:
Change Dir: /home/intellimath/catkin_ws/src/build/CMakeFiles/CMakeTmp

Run Build Command:"/usr/bin/make" "cmTC_42205/fast"
/usr/bin/make -f CMakeFiles/cmTC_42205.dir/build.make CMakeFiles/cmTC_42205.dir/build
make[1]: Entering directory '/home/intellimath/catkin_ws/src/build/CMakeFiles/CMakeTmp'
Building C object CMakeFiles/cmTC_42205.dir/CheckSymbolExists.c.o
/usr/bin/c99-gcc    -o CMakeFiles/cmTC_42205.dir/CheckSymbolExists.c.o   -c /home/intellimath/catkin_ws/src/build/CMakeFiles/CMakeTmp/CheckSymbolExists.c
Linking C executable cmTC_42205
/usr/bin/cmake -E cmake_link_script CMakeFiles/cmTC_42205.dir/link.txt --verbose=1
/usr/bin/c99-gcc      -rdynamic CMakeFiles/cmTC_42205.dir/CheckSymbolExists.c.o  -o cmTC_42205 
CMakeFiles/cmTC_42205.dir/CheckSymbolExists.c.o: In function `main':
CheckSymbolExists.c:(.text+0x1b): undefined reference to `pthread_create'
collect2: error: ld returned 1 exit status
CMakeFiles/cmTC_42205.dir/build.make:97: recipe for target 'cmTC_42205' failed
make[1]: *** [cmTC_42205] Error 1
make[1]: Leaving directory '/home/intellimath/catkin_ws/src/build/CMakeFiles/CMakeTmp'
Makefile:126: recipe for target 'cmTC_42205/fast' failed
make: *** [cmTC_42205/fast] Error 2

File /home/intellimath/catkin_ws/src/build/CMakeFiles/CMakeTmp/CheckSymbolExists.c:
/* */
#include <pthread.h>

int main(int argc, char** argv)
{
  (void)argv;
#ifndef pthread_create
  return ((int*)(&pthread_create))[argc];
#else
  (void)argc;
  return 0;
#endif
}

Determining if the function pthread_create exists in the pthreads failed with the following output:
Change Dir: /home/intellimath/catkin_ws/src/build/CMakeFiles/CMakeTmp

Run Build Command:"/usr/bin/make" "cmTC_b059e/fast"
/usr/bin/make -f CMakeFiles/cmTC_b059e.dir/build.make CMakeFiles/cmTC_b059e.dir/build
make[1]: Entering directory '/home/intellimath/catkin_ws/src/build/CMakeFiles/CMakeTmp'
Building C object CMakeFiles/cmTC_b059e.dir/CheckFunctionExists.c.o
/usr/bin/c99-gcc   -DCHECK_FUNCTION_EXISTS=pthread_create   -o CMakeFiles/cmTC_b059e.dir/CheckFunctionExists.c.o   -c /usr/share/cmake-3.10/Modules/CheckFunctionExists.c
Linking C executable cmTC_b059e
/usr/bin/cmake -E cmake_link_script CMakeFiles/cmTC_b059e.dir/link.txt --verbose=1
/usr/bin/c99-gcc  -DCHECK_FUNCTION_EXISTS=pthread_create    -rdynamic CMakeFiles/cmTC_b059e.dir/CheckFunctionExists.c.o  -o cmTC_b059e -lpthreads 
/usr/bin/ld: cannot find -lpthreads
collect2: error: ld returned 1 exit status
CMakeFiles/cmTC_b059e.dir/build.make:97: recipe for target 'cmTC_b059e' failed
make[1]: *** [cmTC_b059e] Error 1
make[1]: Leaving directory '/home/intellimath/catkin_ws/src/build/CMakeFiles/CMakeTmp'
Makefile:126: recipe for target 'cmTC_b059e/fast' failed
make: *** [cmTC_b059e/fast] Error 2


